
	title is " rate", offset at (character 0, 0, 0)


	title is " mean", offset at (character 0, 0, 0)


	title is " stddev", offset at (character 0, 0, 0)


	title is " max_sample", offset at (character 0, 0, 0)

Warning: empty y range [5.8269:5.8269], adjusting to [5.76864:5.88517]

	title is " min_sample", offset at (character 0, 0, 0)


	title is " rate", offset at (character 0, 0, 0)


	title is " mean", offset at (character 0, 0, 0)


	title is " stddev", offset at (character 0, 0, 0)


	title is " max_sample", offset at (character 0, 0, 0)

Warning: empty y range [5.8269:5.8269], adjusting to [5.76864:5.88517]

	title is " min_sample", offset at (character 0, 0, 0)


	title is " HTTP Code Response rate", offset at (character 0, 0, 0)


	title is " total", offset at (character 0, 0, 0)


	title is " HTTP Code Response rate", offset at (character 0, 0, 0)


	title is " total", offset at (character 0, 0, 0)


	title is " Request and tcp/udp connection rate", offset at (character 0, 0, 0)


	title is " Mean request (and connection) duration", offset at (character 0, 0, 0)


	title is " stddev", offset at (character 0, 0, 0)


	title is " max_sample", offset at (character 0, 0, 0)


	title is " min_sample", offset at (character 0, 0, 0)


	title is " Request and tcp/udp connection rate", offset at (character 0, 0, 0)


	title is " Mean request (and connection) duration", offset at (character 0, 0, 0)


	title is " stddev", offset at (character 0, 0, 0)


	title is " max_sample", offset at (character 0, 0, 0)


	title is " min_sample", offset at (character 0, 0, 0)


	title is " Transaction and page rate", offset at (character 0, 0, 0)


	title is " Mean transaction and page duration", offset at (character 0, 0, 0)


	title is " stddev", offset at (character 0, 0, 0)


	title is " max_sample", offset at (character 0, 0, 0)

Warning: empty y range [2.052:2.052], adjusting to [2.03148:2.07252]

	title is " min_sample", offset at (character 0, 0, 0)


	title is " Transaction and page rate", offset at (character 0, 0, 0)


	title is " Mean transaction and page duration", offset at (character 0, 0, 0)


	title is " stddev", offset at (character 0, 0, 0)


	title is " max_sample", offset at (character 0, 0, 0)

Warning: empty y range [2.052:2.052], adjusting to [2.03148:2.07252]

	title is " min_sample", offset at (character 0, 0, 0)


	title is " Simultaneous users and opened TCP/UDP connections", offset at (character 0, 0, 0)

Warning: empty y range [0:0], adjusting to [-1:1]

	title is " maximum_simultaneous", offset at (character 0, 0, 0)


	title is " Simultaneous users and opened TCP/UDP connections", offset at (character 0, 0, 0)

Warning: empty y range [0:0], adjusting to [-1:1]

	title is " maximum_simultaneous", offset at (character 0, 0, 0)


	title is " Users arrival/departure rate", offset at (character 0, 0, 0)


	title is " Total users", offset at (character 0, 0, 0)


	title is " Users arrival/departure rate", offset at (character 0, 0, 0)


	title is " Total users", offset at (character 0, 0, 0)


	title is " Network throughput", offset at (character 0, 0, 0)


	title is " Total send/receive bytes", offset at (character 0, 0, 0)


	title is " Network throughput", offset at (character 0, 0, 0)


	title is " Total send/receive bytes", offset at (character 0, 0, 0)


	title is " rate", offset at (character 0, 0, 0)

Warning: empty y range [0.1:0.1], adjusting to [0.099:0.101]

	title is " mean", offset at (character 0, 0, 0)


	title is " stddev", offset at (character 0, 0, 0)

Warning: empty y range [0:0], adjusting to [-1:1]

	title is " max_sample", offset at (character 0, 0, 0)


	title is " min_sample", offset at (character 0, 0, 0)

Warning: empty y range [3.12211:3.12211], adjusting to [3.09089:3.15333]

	title is " rate", offset at (character 0, 0, 0)

Warning: empty y range [0.1:0.1], adjusting to [0.099:0.101]

	title is " mean", offset at (character 0, 0, 0)


	title is " stddev", offset at (character 0, 0, 0)

Warning: empty y range [0:0], adjusting to [-1:1]

	title is " max_sample", offset at (character 0, 0, 0)


	title is " min_sample", offset at (character 0, 0, 0)

Warning: empty y range [3.12211:3.12211], adjusting to [3.09089:3.15333]

	title is " rate", offset at (character 0, 0, 0)

Warning: empty y range [0.1:0.1], adjusting to [0.099:0.101]

	title is " mean", offset at (character 0, 0, 0)


	title is " stddev", offset at (character 0, 0, 0)

Warning: empty y range [0:0], adjusting to [-1:1]

	title is " max_sample", offset at (character 0, 0, 0)

Warning: empty y range [28091.5:28091.5], adjusting to [27810.6:28372.4]

	title is " min_sample", offset at (character 0, 0, 0)


	title is " rate", offset at (character 0, 0, 0)

Warning: empty y range [0.1:0.1], adjusting to [0.099:0.101]

	title is " mean", offset at (character 0, 0, 0)


	title is " stddev", offset at (character 0, 0, 0)

Warning: empty y range [0:0], adjusting to [-1:1]

	title is " max_sample", offset at (character 0, 0, 0)

Warning: empty y range [28091.5:28091.5], adjusting to [27810.6:28372.4]

	title is " min_sample", offset at (character 0, 0, 0)


	title is " rate", offset at (character 0, 0, 0)

Warning: empty y range [0.1:0.1], adjusting to [0.099:0.101]

	title is " mean", offset at (character 0, 0, 0)


	title is " stddev", offset at (character 0, 0, 0)

Warning: empty y range [0:0], adjusting to [-1:1]

	title is " max_sample", offset at (character 0, 0, 0)


	title is " min_sample", offset at (character 0, 0, 0)

Warning: empty y range [0.96875:0.96875], adjusting to [0.959063:0.978437]

	title is " rate", offset at (character 0, 0, 0)

Warning: empty y range [0.1:0.1], adjusting to [0.099:0.101]

	title is " mean", offset at (character 0, 0, 0)


	title is " stddev", offset at (character 0, 0, 0)

Warning: empty y range [0:0], adjusting to [-1:1]

	title is " max_sample", offset at (character 0, 0, 0)


	title is " min_sample", offset at (character 0, 0, 0)

Warning: empty y range [0.96875:0.96875], adjusting to [0.959063:0.978437]
